c:\users\brahim azzouz\source\repos\bataille_navale_modulaire\bataille_navale_modulaire\debug\vc142.pdb
c:\users\brahim azzouz\source\repos\bataille_navale_modulaire\bataille_navale_modulaire\debug\vc142.idb
c:\users\brahim azzouz\source\repos\bataille_navale_modulaire\bataille_navale_modulaire\debug\t_case.obj
c:\users\brahim azzouz\source\repos\bataille_navale_modulaire\bataille_navale_modulaire\debug\main.obj
c:\users\brahim azzouz\source\repos\bataille_navale_modulaire\bataille_navale_modulaire\debug\e_bool.obj
c:\users\brahim azzouz\source\repos\bataille_navale_modulaire\debug\bataille_navale_modulaire.exe
c:\users\brahim azzouz\source\repos\bataille_navale_modulaire\bataille_navale_modulaire\debug\bataille_navale_modulaire.ilk
c:\users\brahim azzouz\source\repos\bataille_navale_modulaire\debug\bataille_navale_modulaire.pdb
c:\users\brahim azzouz\source\repos\bataille_navale_modulaire\bataille_navale_modulaire\debug\main.obj.enc
c:\users\brahim azzouz\source\repos\bataille_navale_modulaire\bataille_navale_modulaire\debug\bataille.13b9c118.tlog\cl.command.1.tlog
c:\users\brahim azzouz\source\repos\bataille_navale_modulaire\bataille_navale_modulaire\debug\bataille.13b9c118.tlog\cl.read.1.tlog
c:\users\brahim azzouz\source\repos\bataille_navale_modulaire\bataille_navale_modulaire\debug\bataille.13b9c118.tlog\cl.write.1.tlog
c:\users\brahim azzouz\source\repos\bataille_navale_modulaire\bataille_navale_modulaire\debug\bataille.13b9c118.tlog\link-cvtres.read.1.tlog
c:\users\brahim azzouz\source\repos\bataille_navale_modulaire\bataille_navale_modulaire\debug\bataille.13b9c118.tlog\link-cvtres.write.1.tlog
c:\users\brahim azzouz\source\repos\bataille_navale_modulaire\bataille_navale_modulaire\debug\bataille.13b9c118.tlog\link-rc.read.1.tlog
c:\users\brahim azzouz\source\repos\bataille_navale_modulaire\bataille_navale_modulaire\debug\bataille.13b9c118.tlog\link-rc.write.1.tlog
c:\users\brahim azzouz\source\repos\bataille_navale_modulaire\bataille_navale_modulaire\debug\bataille.13b9c118.tlog\link.18336-cvtres.read.1.tlog
c:\users\brahim azzouz\source\repos\bataille_navale_modulaire\bataille_navale_modulaire\debug\bataille.13b9c118.tlog\link.18336-cvtres.write.1.tlog
c:\users\brahim azzouz\source\repos\bataille_navale_modulaire\bataille_navale_modulaire\debug\bataille.13b9c118.tlog\link.18336-rc.read.1.tlog
c:\users\brahim azzouz\source\repos\bataille_navale_modulaire\bataille_navale_modulaire\debug\bataille.13b9c118.tlog\link.18336-rc.write.1.tlog
c:\users\brahim azzouz\source\repos\bataille_navale_modulaire\bataille_navale_modulaire\debug\bataille.13b9c118.tlog\link.18336.read.1.tlog
c:\users\brahim azzouz\source\repos\bataille_navale_modulaire\bataille_navale_modulaire\debug\bataille.13b9c118.tlog\link.18336.write.1.tlog
c:\users\brahim azzouz\source\repos\bataille_navale_modulaire\bataille_navale_modulaire\debug\bataille.13b9c118.tlog\link.command.1.tlog
c:\users\brahim azzouz\source\repos\bataille_navale_modulaire\bataille_navale_modulaire\debug\bataille.13b9c118.tlog\link.read.1.tlog
c:\users\brahim azzouz\source\repos\bataille_navale_modulaire\bataille_navale_modulaire\debug\bataille.13b9c118.tlog\link.write.1.tlog
